#
# A fatal error has been detected by the Java Runtime Environment:
#
#  Internal Error (t:/workspace/open/src/hotspot/share/oops/generateOopMap.cpp:2162), pid=14684, tid=3756
#  fatal error: Illegal class file encountered. Try running with -Xverify:all in method testProcessCreationFormSuccess
#
# JRE version: Java(TM) SE Runtime Environment (10.0.1+10) (build 10.0.1+10)
# Java VM: Java HotSpot(TM) 64-Bit Server VM (10.0.1+10, mixed mode, tiered, compressed oops, g1 gc, windows-amd64)
# No core dump will be written. Minidumps are not enabled by default on client versions of Windows
#
# If you would like to submit a bug report, please visit:
#   http://bugreport.java.com/bugreport/crash.jsp
#

---------------  S U M M A R Y ------------

Command Line: -agentlib:jdwp=transport=dt_socket,suspend=y,address=localhost:53518 -ea -javaagent:C:\eclipse\configuration\org.eclipse.osgi\418\0\.cp\lib\javaagent-shaded.jar -Dfile.encoding=UTF-8 org.eclipse.jdt.internal.junit.runner.RemoteTestRunner -version 3 -port 53517 -testLoaderClass org.eclipse.jdt.internal.junit5.runner.JUnit5TestLoader -loaderpluginname org.eclipse.jdt.junit5.runtime -classNames org.springframework.samples.petclinic.web.DonationControllerTests

Host: Intel(R) Core(TM) i7-7700HQ CPU @ 2.80GHz, 8 cores, 15G,  Windows 10 , 64 bit Build 17134 (10.0.17134.648)
Time: Tue Apr 02 10:15:34 2019 Hora de verano romance elapsed time: 241 seconds (0d 0h 4m 1s)

---------------  T H R E A D  ---------------

Current thread (0x0000016ff9401800):  VMThread "VM Thread" [stack: 0x0000001d26400000,0x0000001d26500000] [id=3756]

Stack: [0x0000001d26400000,0x0000001d26500000]
[error occurred during error reporting (printing stack bounds), id 0xe0000000]

Native frames: (J=compiled Java code, j=interpreted, Vv=VM code, C=native code)
V  [jvm.dll+0x5a0369]
V  [jvm.dll+0x6bcf81]
V  [jvm.dll+0x6be176]
V  [jvm.dll+0x6be765]
V  [jvm.dll+0x6be71b]
V  [jvm.dll+0x59fb63]
V  [jvm.dll+0x59ff68]
C  [ntdll.dll+0x9f7dd]
C  [ntdll.dll+0xd856]
C  [ntdll.dll+0x9e70e]
C  0x0000016fdd510ead

VM_Operation (0x0000001d26eff530): GetOrSetLocal, mode: safepoint, requested by thread 0x0000016ff99ff000


---------------  P R O C E S S  ---------------

Threads class SMR info:
_java_thread_list=0x0000016f808dba00, length=24, elements={
0x0000016fd2197800, 0x0000016ff941c000, 0x0000016ff941d800, 0x0000016ff9411000,
0x0000016ff9412000, 0x0000016ff9413000, 0x0000016ff9414000, 0x0000016ff9471800,
0x0000016ff947c800, 0x0000016ff9485000, 0x0000016ff99ff000, 0x0000016ff9af1000,
0x0000016ff9a78000, 0x0000016ff9be3800, 0x0000016ff9a26000, 0x0000016ffa0b6000,
0x0000016ffaf3e000, 0x0000016ffc124800, 0x0000016f833f5800, 0x0000016ffaed9800,
0x0000016f80371800, 0x0000016ffd870800, 0x0000016ffe758000, 0x0000016ff9a77000
}

Java Threads: ( => current thread )
  0x0000016fd2197800 JavaThread "main" [_thread_blocked, id=17360, stack(0x0000001d24f00000,0x0000001d25000000)]
  0x0000016ff941c000 JavaThread "Reference Handler" daemon [_thread_blocked, id=19412, stack(0x0000001d26500000,0x0000001d26600000)]
  0x0000016ff941d800 JavaThread "Finalizer" daemon [_thread_blocked, id=9304, stack(0x0000001d26600000,0x0000001d26700000)]
  0x0000016ff9411000 JavaThread "Signal Dispatcher" daemon [_thread_blocked, id=12896, stack(0x0000001d26700000,0x0000001d26800000)]
  0x0000016ff9412000 JavaThread "Attach Listener" daemon [_thread_blocked, id=17428, stack(0x0000001d26800000,0x0000001d26900000)]
  0x0000016ff9413000 JavaThread "C2 CompilerThread0" daemon [_thread_blocked, id=19368, stack(0x0000001d26900000,0x0000001d26a00000)]
  0x0000016ff9414000 JavaThread "C2 CompilerThread1" daemon [_thread_blocked, id=19352, stack(0x0000001d26a00000,0x0000001d26b00000)]
  0x0000016ff9471800 JavaThread "C2 CompilerThread2" daemon [_thread_blocked, id=16156, stack(0x0000001d26b00000,0x0000001d26c00000)]
  0x0000016ff947c800 JavaThread "C1 CompilerThread3" daemon [_thread_blocked, id=17000, stack(0x0000001d26c00000,0x0000001d26d00000)]
  0x0000016ff9485000 JavaThread "Sweeper thread" daemon [_thread_blocked, id=19072, stack(0x0000001d26d00000,0x0000001d26e00000)]
  0x0000016ff99ff000 JavaThread "JDWP Transport Listener: dt_socket" daemon [_thread_blocked, id=2484, stack(0x0000001d26e00000,0x0000001d26f00000)] _threads_hazard_ptr=0x0000016f808dba00
  0x0000016ff9af1000 JavaThread "JDWP Event Helper Thread" daemon [_thread_blocked, id=18508, stack(0x0000001d26f00000,0x0000001d27000000)]
  0x0000016ff9a78000 JavaThread "JDWP Command Reader" daemon [_thread_in_native, id=18708, stack(0x0000001d27000000,0x0000001d27100000)]
  0x0000016ff9be3800 JavaThread "Common-Cleaner" daemon [_thread_blocked, id=16352, stack(0x0000001d27100000,0x0000001d27200000)]
  0x0000016ff9a26000 JavaThread "Service Thread" daemon [_thread_blocked, id=15600, stack(0x0000001d27200000,0x0000001d27300000)]
  0x0000016ffa0b6000 JavaThread "ReaderThread" [_thread_in_native, id=15144, stack(0x0000001d27400000,0x0000001d27500000)]
  0x0000016ffaf3e000 JavaThread "logback-1" daemon [_thread_blocked, id=1952, stack(0x0000001d27500000,0x0000001d27600000)]
  0x0000016ffc124800 JavaThread "logback-2" daemon [_thread_blocked, id=14500, stack(0x0000001d27700000,0x0000001d27800000)]
  0x0000016f833f5800 JavaThread "logback-3" daemon [_thread_blocked, id=8208, stack(0x0000001d24b00000,0x0000001d24c00000)]
  0x0000016ffaed9800 JavaThread "logback-4" daemon [_thread_blocked, id=696, stack(0x0000001d24c00000,0x0000001d24d00000)]
  0x0000016f80371800 JavaThread "logback-5" daemon [_thread_blocked, id=13732, stack(0x0000001d24d00000,0x0000001d24e00000)]
  0x0000016ffd870800 JavaThread "logback-6" daemon [_thread_blocked, id=17536, stack(0x0000001d27800000,0x0000001d27900000)]
  0x0000016ffe758000 JavaThread "logback-7" daemon [_thread_blocked, id=10896, stack(0x0000001d27900000,0x0000001d27a00000)]
  0x0000016ff9a77000 JavaThread "logback-8" daemon [_thread_blocked, id=12992, stack(0x0000001d27a00000,0x0000001d27b00000)]

Other Threads:
=>0x0000016ff9401800 VMThread "VM Thread" [stack: 0x0000001d26400000,0x0000001d26500000] [id=3756]
  0x0000016ff9b98000 WatcherThread [stack: 0x0000001d27300000,0x0000001d27400000] [id=12832]
  0x0000016fd21b1000 GCTaskThread "GC Thread#0" [stack: 0x0000001d25000000,0x0000001d25100000] [id=11916]
  0x0000016fd21b3800 GCTaskThread "GC Thread#1" [stack: 0x0000001d25100000,0x0000001d25200000] [id=12032]
  0x0000016fd21b6800 GCTaskThread "GC Thread#2" [stack: 0x0000001d25200000,0x0000001d25300000] [id=16280]
  0x0000016fd21be000 GCTaskThread "GC Thread#3" [stack: 0x0000001d25300000,0x0000001d25400000] [id=5880]
  0x0000016fd21bb000 GCTaskThread "GC Thread#4" [stack: 0x0000001d25400000,0x0000001d25500000] [id=11548]
  0x0000016fd21ba800 GCTaskThread "GC Thread#5" [stack: 0x0000001d25500000,0x0000001d25600000] [id=17376]
  0x0000016fd21bc000 GCTaskThread "GC Thread#6" [stack: 0x0000001d25600000,0x0000001d25700000] [id=16472]
  0x0000016fd21bc800 GCTaskThread "GC Thread#7" [stack: 0x0000001d25700000,0x0000001d25800000] [id=9772]
  0x0000016fd221d000 ConcurrentGCThread "G1 Main Marker" [stack: 0x0000001d25800000,0x0000001d25900000] [id=18280]
  0x0000016fd21bd000 ConcurrentGCThread "G1 Conc#0" [stack: 0x0000001d25900000,0x0000001d25a00000] [id=10628]
  0x0000016fd21ba000 ConcurrentGCThread "G1 Conc#1" [stack: 0x0000001d25a00000,0x0000001d25b00000] [id=4244]
  0x0000016ff60ee800 ConcurrentGCThread "G1 Refine#0" [stack: 0x0000001d25b00000,0x0000001d25c00000] [id=10456]
  0x0000016ff60f0000 ConcurrentGCThread "G1 Refine#1" [stack: 0x0000001d25c00000,0x0000001d25d00000] [id=2440]
  0x0000016ff60f9000 ConcurrentGCThread "G1 Refine#2" [stack: 0x0000001d25d00000,0x0000001d25e00000] [id=16676]
  0x0000016fd21be800 ConcurrentGCThread "G1 Refine#3" [stack: 0x0000001d25e00000,0x0000001d25f00000] [id=17712]
  0x0000016fd21bf000 ConcurrentGCThread "G1 Refine#4" [stack: 0x0000001d25f00000,0x0000001d26000000] [id=15092]
  0x0000016fd21c0000 ConcurrentGCThread "G1 Refine#5" [stack: 0x0000001d26000000,0x0000001d26100000] [id=736]
  0x0000016fd21c0800 ConcurrentGCThread "G1 Refine#6" [stack: 0x0000001d26100000,0x0000001d26200000] [id=2736]
  0x0000016fd21c1000 ConcurrentGCThread "G1 Refine#7" [stack: 0x0000001d26200000,0x0000001d26300000] [id=7752]
  0x0000016ff6109800 ConcurrentGCThread "G1 Young RemSet Sampling" [stack: 0x0000001d26300000,0x0000001d26400000] [id=17988]

Threads with active compile tasks:

VM state:at safepoint (normal execution)

VM Mutex/Monitor currently owned by a thread:  ([mutex/lock_event])
[0x0000016fd2196bc0] Threads_lock - owner thread: 0x0000016ff9401800

Heap address: 0x00000006c1400000, size: 4076 MB, Compressed Oops mode: Zero based, Oop shift amount: 3
Narrow klass base: 0x0000000000000000, Narrow klass shift: 3
Compressed class space size: 1073741824 Address: 0x00000007c0000000

Heap:
 garbage-first heap   total 262144K, used 119532K [0x00000006c1400000, 0x00000007c0000000)
  region size 1024K, 111 young (113664K), 7 survivors (7168K)
 Metaspace       used 40986K, capacity 41836K, committed 42368K, reserved 1087488K
  class space    used 4816K, capacity 5123K, committed 5248K, reserved 1048576K
Heap Regions: E=young(eden), S=young(survivor), O=old, HS=humongous(starts), HC=humongous(continues), CS=collection set, F=free, A=archive, TS=gc time stamp, AC=allocation context, TAMS=top-at-mark-start (previous, next)
|   0|0x00000006c1400000, 0x00000006c1500000, 0x00000006c1500000|100%|HS|  |TS  0|AC  0|TAMS 0x00000006c1500000, 0x00000006c1500000|
|   1|0x00000006c1500000, 0x00000006c1600000, 0x00000006c1600000|100%|HS|  |TS  0|AC  0|TAMS 0x00000006c1600000, 0x00000006c1600000|
|   2|0x00000006c1600000, 0x00000006c1700000, 0x00000006c1700000|100%| O|  |TS  0|AC  0|TAMS 0x00000006c1700000, 0x00000006c1700000|
|   3|0x00000006c1700000, 0x00000006c1800000, 0x00000006c1800000|100%| O|  |TS  0|AC  0|TAMS 0x00000006c1800000, 0x00000006c1800000|
|   4|0x00000006c1800000, 0x00000006c1900000, 0x00000006c1900000|100%| O|  |TS  0|AC  0|TAMS 0x00000006c1900000, 0x00000006c1900000|
|   5|0x00000006c1900000, 0x00000006c1a00000, 0x00000006c1a00000|100%| O|  |TS  0|AC  0|TAMS 0x00000006c1a00000, 0x00000006c1a00000|
|   6|0x00000006c1a00000, 0x00000006c1b00000, 0x00000006c1b00000|100%| O|  |TS  0|AC  0|TAMS 0x00000006c1b00000, 0x00000006c1b00000|
|   7|0x00000006c1b00000, 0x00000006c1b34800, 0x00000006c1c00000| 20%| O|  |TS  0|AC  0|TAMS 0x00000006c1b34800, 0x00000006c1b34800|
|   8|0x00000006c1c00000, 0x00000006c1c00000, 0x00000006c1d00000|  0%| F|  |TS  0|AC  0|TAMS 0x00000006c1c00000, 0x00000006c1c00000|
|   9|0x00000006c1d00000, 0x00000006c1d00000, 0x00000006c1e00000|  0%| F|  |TS  0|AC  0|TAMS 0x00000006c1d00000, 0x00000006c1d00000|
|  10|0x00000006c1e00000, 0x00000006c1e00000, 0x00000006c1f00000|  0%| F|  |TS  0|AC  0|TAMS 0x00000006c1e00000, 0x00000006c1e00000|
|  11|0x00000006c1f00000, 0x00000006c1f00000, 0x00000006c2000000|  0%| F|  |TS  0|AC  0|TAMS 0x00000006c1f00000, 0x00000006c1f00000|
|  12|0x00000006c2000000, 0x00000006c2000000, 0x00000006c2100000|  0%| F|  |TS  0|AC  0|TAMS 0x00000006c2000000, 0x00000006c2000000|
|  13|0x00000006c2100000, 0x00000006c2100000, 0x00000006c2200000|  0%| F|  |TS  0|AC  0|TAMS 0x00000006c2100000, 0x00000006c2100000|
|  14|0x00000006c2200000, 0x00000006c2200000, 0x00000006c2300000|  0%| F|  |TS  0|AC  0|TAMS 0x00000006c2200000, 0x00000006c2200000|
|  15|0x00000006c2300000, 0x00000006c2300000, 0x00000006c2400000|  0%| F|  |TS  0|AC  0|TAMS 0x00000006c2300000, 0x00000006c2300000|
|  16|0x00000006c2400000, 0x00000006c2400000, 0x00000006c2500000|  0%| F|  |TS  0|AC  0|TAMS 0x00000006c2400000, 0x00000006c2400000|
|  17|0x00000006c2500000, 0x00000006c2500000, 0x00000006c2600000|  0%| F|  |TS  0|AC  0|TAMS 0x00000006c2500000, 0x00000006c2500000|
|  18|0x00000006c2600000, 0x00000006c2600000, 0x00000006c2700000|  0%| F|  |TS  0|AC  0|TAMS 0x00000006c2600000, 0x00000006c2600000|
|  19|0x00000006c2700000, 0x00000006c2700000, 0x00000006c2800000|  0%| F|  |TS  0|AC  0|TAMS 0x00000006c2700000, 0x00000006c2700000|
|  20|0x00000006c2800000, 0x00000006c2800000, 0x00000006c2900000|  0%| F|  |TS  0|AC  0|TAMS 0x00000006c2800000, 0x00000006c2800000|
|  21|0x00000006c2900000, 0x00000006c2900000, 0x00000006c2a00000|  0%| F|  |TS  0|AC  0|TAMS 0x00000006c2900000, 0x00000006c2900000|
|  22|0x00000006c2a00000, 0x00000006c2a00000, 0x00000006c2b00000|  0%| F|  |TS  0|AC  0|TAMS 0x00000006c2a00000, 0x00000006c2a00000|
|  23|0x00000006c2b00000, 0x00000006c2b00000, 0x00000006c2c00000|  0%| F|  |TS  0|AC  0|TAMS 0x00000006c2b00000, 0x00000006c2b00000|
|  24|0x00000006c2c00000, 0x00000006c2c00000, 0x00000006c2d00000|  0%| F|  |TS  0|AC  0|TAMS 0x00000006c2c00000, 0x00000006c2c00000|
|  25|0x00000006c2d00000, 0x00000006c2d00000, 0x00000006c2e00000|  0%| F|  |TS  0|AC  0|TAMS 0x00000006c2d00000, 0x00000006c2d00000|
|  26|0x00000006c2e00000, 0x00000006c2e00000, 0x00000006c2f00000|  0%| F|  |TS  0|AC  0|TAMS 0x00000006c2e00000, 0x00000006c2e00000|
|  27|0x00000006c2f00000, 0x00000006c2f00000, 0x00000006c3000000|  0%| F|  |TS  0|AC  0|TAMS 0x00000006c2f00000, 0x00000006c2f00000|
|  28|0x00000006c3000000, 0x00000006c3000000, 0x00000006c3100000|  0%| F|  |TS  0|AC  0|TAMS 0x00000006c3000000, 0x00000006c3000000|
|  29|0x00000006c3100000, 0x00000006c3100000, 0x00000006c3200000|  0%| F|  |TS  0|AC  0|TAMS 0x00000006c3100000, 0x00000006c3100000|
|  30|0x00000006c3200000, 0x00000006c3200000, 0x00000006c3300000|  0%| F|  |TS  0|AC  0|TAMS 0x00000006c3200000, 0x00000006c3200000|
|  31|0x00000006c3300000, 0x00000006c3300000, 0x00000006c3400000|  0%| F|  |TS  0|AC  0|TAMS 0x00000006c3300000, 0x00000006c3300000|
|  32|0x00000006c3400000, 0x00000006c3400000, 0x00000006c3500000|  0%| F|  |TS  0|AC  0|TAMS 0x00000006c3400000, 0x00000006c3400000|
|  33|0x00000006c3500000, 0x00000006c3500000, 0x00000006c3600000|  0%| F|  |TS  0|AC  0|TAMS 0x00000006c3500000, 0x00000006c3500000|
|  34|0x00000006c3600000, 0x00000006c3600000, 0x00000006c3700000|  0%| F|  |TS  0|AC  0|TAMS 0x00000006c3600000, 0x00000006c3600000|
|  35|0x00000006c3700000, 0x00000006c3700000, 0x00000006c3800000|  0%| F|  |TS  0|AC  0|TAMS 0x00000006c3700000, 0x00000006c3700000|
|  36|0x00000006c3800000, 0x00000006c3800000, 0x00000006c3900000|  0%| F|  |TS  0|AC  0|TAMS 0x00000006c3800000, 0x00000006c3800000|
|  37|0x00000006c3900000, 0x00000006c3900000, 0x00000006c3a00000|  0%| F|  |TS  0|AC  0|TAMS 0x00000006c3900000, 0x00000006c3900000|
|  38|0x00000006c3a00000, 0x00000006c3a00000, 0x00000006c3b00000|  0%| F|  |TS  0|AC  0|TAMS 0x00000006c3a00000, 0x00000006c3a00000|
|  39|0x00000006c3b00000, 0x00000006c3b00000, 0x00000006c3c00000|  0%| F|  |TS  0|AC  0|TAMS 0x00000006c3b00000, 0x00000006c3b00000|
|  40|0x00000006c3c00000, 0x00000006c3c00000, 0x00000006c3d00000|  0%| F|  |TS  0|AC  0|TAMS 0x00000006c3c00000, 0x00000006c3c00000|
|  41|0x00000006c3d00000, 0x00000006c3d00000, 0x00000006c3e00000|  0%| F|  |TS  0|AC  0|TAMS 0x00000006c3d00000, 0x00000006c3d00000|
|  42|0x00000006c3e00000, 0x00000006c3e00000, 0x00000006c3f00000|  0%| F|  |TS  0|AC  0|TAMS 0x00000006c3e00000, 0x00000006c3e00000|
|  43|0x00000006c3f00000, 0x00000006c3f00000, 0x00000006c4000000|  0%| F|  |TS  0|AC  0|TAMS 0x00000006c3f00000, 0x00000006c3f00000|
|  44|0x00000006c4000000, 0x00000006c4000000, 0x00000006c4100000|  0%| F|  |TS  0|AC  0|TAMS 0x00000006c4000000, 0x00000006c4000000|
|  45|0x00000006c4100000, 0x00000006c4100000, 0x00000006c4200000|  0%| F|  |TS  0|AC  0|TAMS 0x00000006c4100000, 0x00000006c4100000|
|  46|0x00000006c4200000, 0x00000006c4200000, 0x00000006c4300000|  0%| F|  |TS  0|AC  0|TAMS 0x00000006c4200000, 0x00000006c4200000|
|  47|0x00000006c4300000, 0x00000006c4300000, 0x00000006c4400000|  0%| F|  |TS  0|AC  0|TAMS 0x00000006c4300000, 0x00000006c4300000|
|  48|0x00000006c4400000, 0x00000006c4400000, 0x00000006c4500000|  0%| F|  |TS  0|AC  0|TAMS 0x00000006c4400000, 0x00000006c4400000|
|  49|0x00000006c4500000, 0x00000006c4500000, 0x00000006c4600000|  0%| F|  |TS  0|AC  0|TAMS 0x00000006c4500000, 0x00000006c4500000|
|  50|0x00000006c4600000, 0x00000006c4600000, 0x00000006c4700000|  0%| F|  |TS  0|AC  0|TAMS 0x00000006c4600000, 0x00000006c4600000|
|  51|0x00000006c4700000, 0x00000006c4700000, 0x00000006c4800000|  0%| F|  |TS  0|AC  0|TAMS 0x00000006c4700000, 0x00000006c4700000|
|  52|0x00000006c4800000, 0x00000006c4800000, 0x00000006c4900000|  0%| F|  |TS  0|AC  0|TAMS 0x00000006c4800000, 0x00000006c4800000|
|  53|0x00000006c4900000, 0x00000006c4900000, 0x00000006c4a00000|  0%| F|  |TS  0|AC  0|TAMS 0x00000006c4900000, 0x00000006c4900000|
|  54|0x00000006c4a00000, 0x00000006c4a00000, 0x00000006c4b00000|  0%| F|  |TS  0|AC  0|TAMS 0x00000006c4a00000, 0x00000006c4a00000|
|  55|0x00000006c4b00000, 0x00000006c4b00000, 0x00000006c4c00000|  0%| F|  |TS  0|AC  0|TAMS 0x00000006c4b00000, 0x00000006c4b00000|
|  56|0x00000006c4c00000, 0x00000006c4c00000, 0x00000006c4d00000|  0%| F|  |TS  0|AC  0|TAMS 0x00000006c4c00000, 0x00000006c4c00000|
|  57|0x00000006c4d00000, 0x00000006c4d00000, 0x00000006c4e00000|  0%| F|  |TS  0|AC  0|TAMS 0x00000006c4d00000, 0x00000006c4d00000|
|  58|0x00000006c4e00000, 0x00000006c4e00000, 0x00000006c4f00000|  0%| F|  |TS  0|AC  0|TAMS 0x00000006c4e00000, 0x00000006c4e00000|
|  59|0x00000006c4f00000, 0x00000006c4f00000, 0x00000006c5000000|  0%| F|  |TS  0|AC  0|TAMS 0x00000006c4f00000, 0x00000006c4f00000|
|  60|0x00000006c5000000, 0x00000006c5000000, 0x00000006c5100000|  0%| F|  |TS  0|AC  0|TAMS 0x00000006c5000000, 0x00000006c5000000|
|  61|0x00000006c5100000, 0x00000006c5100000, 0x00000006c5200000|  0%| F|  |TS  0|AC  0|TAMS 0x00000006c5100000, 0x00000006c5100000|
|  62|0x00000006c5200000, 0x00000006c5200000, 0x00000006c5300000|  0%| F|  |TS  0|AC  0|TAMS 0x00000006c5200000, 0x00000006c5200000|
|  63|0x00000006c5300000, 0x00000006c5300000, 0x00000006c5400000|  0%| F|  |TS  0|AC  0|TAMS 0x00000006c5300000, 0x00000006c5300000|
|  64|0x00000006c5400000, 0x00000006c5400000, 0x00000006c5500000|  0%| F|  |TS  0|AC  0|TAMS 0x00000006c5400000, 0x00000006c5400000|
|  65|0x00000006c5500000, 0x00000006c5500000, 0x00000006c5600000|  0%| F|  |TS  0|AC  0|TAMS 0x00000006c5500000, 0x00000006c5500000|
|  66|0x00000006c5600000, 0x00000006c5600000, 0x00000006c5700000|  0%| F|  |TS  0|AC  0|TAMS 0x00000006c5600000, 0x00000006c5600000|
|  67|0x00000006c5700000, 0x00000006c5700000, 0x00000006c5800000|  0%| F|  |TS  0|AC  0|TAMS 0x00000006c5700000, 0x00000006c5700000|
|  68|0x00000006c5800000, 0x00000006c5800000, 0x00000006c5900000|  0%| F|  |TS  0|AC  0|TAMS 0x00000006c5800000, 0x00000006c5800000|
|  69|0x00000006c5900000, 0x00000006c5900000, 0x00000006c5a00000|  0%| F|  |TS  0|AC  0|TAMS 0x00000006c5900000, 0x00000006c5900000|
|  70|0x00000006c5a00000, 0x00000006c5a00000, 0x00000006c5b00000|  0%| F|  |TS  0|AC  0|TAMS 0x00000006c5a00000, 0x00000006c5a00000|
|  71|0x00000006c5b00000, 0x00000006c5b00000, 0x00000006c5c00000|  0%| F|  |TS  0|AC  0|TAMS 0x00000006c5b00000, 0x00000006c5b00000|
|  72|0x00000006c5c00000, 0x00000006c5c00000, 0x00000006c5d00000|  0%| F|  |TS  0|AC  0|TAMS 0x00000006c5c00000, 0x00000006c5c00000|
|  73|0x00000006c5d00000, 0x00000006c5d00000, 0x00000006c5e00000|  0%| F|  |TS  0|AC  0|TAMS 0x00000006c5d00000, 0x00000006c5d00000|
|  74|0x00000006c5e00000, 0x00000006c5e00000, 0x00000006c5f00000|  0%| F|  |TS  0|AC  0|TAMS 0x00000006c5e00000, 0x00000006c5e00000|
|  75|0x00000006c5f00000, 0x00000006c5f00000, 0x00000006c6000000|  0%| F|  |TS  0|AC  0|TAMS 0x00000006c5f00000, 0x00000006c5f00000|
|  76|0x00000006c6000000, 0x00000006c6000000, 0x00000006c6100000|  0%| F|  |TS  0|AC  0|TAMS 0x00000006c6000000, 0x00000006c6000000|
|  77|0x00000006c6100000, 0x00000006c6100000, 0x00000006c6200000|  0%| F|  |TS  0|AC  0|TAMS 0x00000006c6100000, 0x00000006c6100000|
|  78|0x00000006c6200000, 0x00000006c6200000, 0x00000006c6300000|  0%| F|  |TS  0|AC  0|TAMS 0x00000006c6200000, 0x00000006c6200000|
|  79|0x00000006c6300000, 0x00000006c6300000, 0x00000006c6400000|  0%| F|  |TS  0|AC  0|TAMS 0x00000006c6300000, 0x00000006c6300000|
|  80|0x00000006c6400000, 0x00000006c6400000, 0x00000006c6500000|  0%| F|  |TS  0|AC  0|TAMS 0x00000006c6400000, 0x00000006c6400000|
|  81|0x00000006c6500000, 0x00000006c6500000, 0x00000006c6600000|  0%| F|  |TS  0|AC  0|TAMS 0x00000006c6500000, 0x00000006c6500000|
|  82|0x00000006c6600000, 0x00000006c6600000, 0x00000006c6700000|  0%| F|  |TS  0|AC  0|TAMS 0x00000006c6600000, 0x00000006c6600000|
|  83|0x00000006c6700000, 0x00000006c6700000, 0x00000006c6800000|  0%| F|  |TS  0|AC  0|TAMS 0x00000006c6700000, 0x00000006c6700000|
|  84|0x00000006c6800000, 0x00000006c6800000, 0x00000006c6900000|  0%| F|  |TS  0|AC  0|TAMS 0x00000006c6800000, 0x00000006c6800000|
|  85|0x00000006c6900000, 0x00000006c6900000, 0x00000006c6a00000|  0%| F|  |TS  0|AC  0|TAMS 0x00000006c6900000, 0x00000006c6900000|
|  86|0x00000006c6a00000, 0x00000006c6a00000, 0x00000006c6b00000|  0%| F|  |TS  0|AC  0|TAMS 0x00000006c6a00000, 0x00000006c6a00000|
|  87|0x00000006c6b00000, 0x00000006c6b00000, 0x00000006c6c00000|  0%| F|  |TS  0|AC  0|TAMS 0x00000006c6b00000, 0x00000006c6b00000|
|  88|0x00000006c6c00000, 0x00000006c6c00000, 0x00000006c6d00000|  0%| F|  |TS  0|AC  0|TAMS 0x00000006c6c00000, 0x00000006c6c00000|
|  89|0x00000006c6d00000, 0x00000006c6d00000, 0x00000006c6e00000|  0%| F|  |TS  0|AC  0|TAMS 0x00000006c6d00000, 0x00000006c6d00000|
|  90|0x00000006c6e00000, 0x00000006c6e00000, 0x00000006c6f00000|  0%| F|  |TS  0|AC  0|TAMS 0x00000006c6e00000, 0x00000006c6e00000|
|  91|0x00000006c6f00000, 0x00000006c6f00000, 0x00000006c7000000|  0%| F|  |TS  0|AC  0|TAMS 0x00000006c6f00000, 0x00000006c6f00000|
|  92|0x00000006c7000000, 0x00000006c7000000, 0x00000006c7100000|  0%| F|  |TS  0|AC  0|TAMS 0x00000006c7000000, 0x00000006c7000000|
|  93|0x00000006c7100000, 0x00000006c7100000, 0x00000006c7200000|  0%| F|  |TS  0|AC  0|TAMS 0x00000006c7100000, 0x00000006c7100000|
|  94|0x00000006c7200000, 0x00000006c7200000, 0x00000006c7300000|  0%| F|  |TS  0|AC  0|TAMS 0x00000006c7200000, 0x00000006c7200000|
|  95|0x00000006c7300000, 0x00000006c7300000, 0x00000006c7400000|  0%| F|  |TS  0|AC  0|TAMS 0x00000006c7300000, 0x00000006c7300000|
|  96|0x00000006c7400000, 0x00000006c7400000, 0x00000006c7500000|  0%| F|  |TS  0|AC  0|TAMS 0x00000006c7400000, 0x00000006c7400000|
|  97|0x00000006c7500000, 0x00000006c7500000, 0x00000006c7600000|  0%| F|  |TS  0|AC  0|TAMS 0x00000006c7500000, 0x00000006c7500000|
|  98|0x00000006c7600000, 0x00000006c7600000, 0x00000006c7700000|  0%| F|  |TS  0|AC  0|TAMS 0x00000006c7600000, 0x00000006c7600000|
|  99|0x00000006c7700000, 0x00000006c7700000, 0x00000006c7800000|  0%| F|  |TS  0|AC  0|TAMS 0x00000006c7700000, 0x00000006c7700000|
| 100|0x00000006c7800000, 0x00000006c7800000, 0x00000006c7900000|  0%| F|  |TS  0|AC  0|TAMS 0x00000006c7800000, 0x00000006c7800000|
| 101|0x00000006c7900000, 0x00000006c7900000, 0x00000006c7a00000|  0%| F|  |TS  0|AC  0|TAMS 0x00000006c7900000, 0x00000006c7900000|
| 102|0x00000006c7a00000, 0x00000006c7a00000, 0x00000006c7b00000|  0%| F|  |TS  0|AC  0|TAMS 0x00000006c7a00000, 0x00000006c7a00000|
| 103|0x00000006c7b00000, 0x00000006c7b00000, 0x00000006c7c00000|  0%| F|  |TS  0|AC  0|TAMS 0x00000006c7b00000, 0x00000006c7b00000|
| 104|0x00000006c7c00000, 0x00000006c7c00000, 0x00000006c7d00000|  0%| F|  |TS  0|AC  0|TAMS 0x00000006c7c00000, 0x00000006c7c00000|
| 105|0x00000006c7d00000, 0x00000006c7d00000, 0x00000006c7e00000|  0%| F|  |TS  0|AC  0|TAMS 0x00000006c7d00000, 0x00000006c7d00000|
| 106|0x00000006c7e00000, 0x00000006c7e00000, 0x00000006c7f00000|  0%| F|  |TS  0|AC  0|TAMS 0x00000006c7e00000, 0x00000006c7e00000|
| 107|0x00000006c7f00000, 0x00000006c7f00000, 0x00000006c8000000|  0%| F|  |TS  0|AC  0|TAMS 0x00000006c7f00000, 0x00000006c7f00000|
| 108|0x00000006c8000000, 0x00000006c8000000, 0x00000006c8100000|  0%| F|  |TS  0|AC  0|TAMS 0x00000006c8000000, 0x00000006c8000000|
| 109|0x00000006c8100000, 0x00000006c8100000, 0x00000006c8200000|  0%| F|  |TS  0|AC  0|TAMS 0x00000006c8100000, 0x00000006c8100000|
| 110|0x00000006c8200000, 0x00000006c8200000, 0x00000006c8300000|  0%| F|  |TS  0|AC  0|TAMS 0x00000006c8200000, 0x00000006c8200000|
| 111|0x00000006c8300000, 0x00000006c8300000, 0x00000006c8400000|  0%| F|  |TS  0|AC  0|TAMS 0x00000006c8300000, 0x00000006c8300000|
| 112|0x00000006c8400000, 0x00000006c8400000, 0x00000006c8500000|  0%| F|  |TS  0|AC  0|TAMS 0x00000006c8400000, 0x00000006c8400000|
| 113|0x00000006c8500000, 0x00000006c8500000, 0x00000006c8600000|  0%| F|  |TS  0|AC  0|TAMS 0x00000006c8500000, 0x00000006c8500000|
| 114|0x00000006c8600000, 0x00000006c8600000, 0x00000006c8700000|  0%| F|  |TS  0|AC  0|TAMS 0x00000006c8600000, 0x00000006c8600000|
| 115|0x00000006c8700000, 0x00000006c8700000, 0x00000006c8800000|  0%| F|  |TS  0|AC  0|TAMS 0x00000006c8700000, 0x00000006c8700000|
| 116|0x00000006c8800000, 0x00000006c8800000, 0x00000006c8900000|  0%| F|  |TS  0|AC  0|TAMS 0x00000006c8800000, 0x00000006c8800000|
| 117|0x00000006c8900000, 0x00000006c8900000, 0x00000006c8a00000|  0%| F|  |TS  0|AC  0|TAMS 0x00000006c8900000, 0x00000006c8900000|
| 118|0x00000006c8a00000, 0x00000006c8a00000, 0x00000006c8b00000|  0%| F|  |TS  0|AC  0|TAMS 0x00000006c8a00000, 0x00000006c8a00000|
| 119|0x00000006c8b00000, 0x00000006c8b00000, 0x00000006c8c00000|  0%| F|  |TS  0|AC  0|TAMS 0x00000006c8b00000, 0x00000006c8b00000|
| 120|0x00000006c8c00000, 0x00000006c8c00000, 0x00000006c8d00000|  0%| F|  |TS  0|AC  0|TAMS 0x00000006c8c00000, 0x00000006c8c00000|
| 121|0x00000006c8d00000, 0x00000006c8d00000, 0x00000006c8e00000|  0%| F|  |TS  0|AC  0|TAMS 0x00000006c8d00000, 0x00000006c8d00000|
| 122|0x00000006c8e00000, 0x00000006c8e00000, 0x00000006c8f00000|  0%| F|  |TS  0|AC  0|TAMS 0x00000006c8e00000, 0x00000006c8e00000|
| 123|0x00000006c8f00000, 0x00000006c8f00000, 0x00000006c9000000|  0%| F|  |TS  0|AC  0|TAMS 0x00000006c8f00000, 0x00000006c8f00000|
| 124|0x00000006c9000000, 0x00000006c9000000, 0x00000006c9100000|  0%| F|  |TS  0|AC  0|TAMS 0x00000006c9000000, 0x00000006c9000000|
| 125|0x00000006c9100000, 0x00000006c91868e0, 0x00000006c9200000| 52%| S|CS|TS  0|AC  0|TAMS 0x00000006c9100000, 0x00000006c9100000|
| 126|0x00000006c9200000, 0x00000006c9300000, 0x00000006c9300000|100%| S|CS|TS  0|AC  0|TAMS 0x00000006c9200000, 0x00000006c9200000|
| 127|0x00000006c9300000, 0x00000006c9400000, 0x00000006c9400000|100%| S|CS|TS  0|AC  0|TAMS 0x00000006c9300000, 0x00000006c9300000|
| 128|0x00000006c9400000, 0x00000006c9500000, 0x00000006c9500000|100%| S|CS|TS  0|AC  0|TAMS 0x00000006c9400000, 0x00000006c9400000|
| 129|0x00000006c9500000, 0x00000006c9600000, 0x00000006c9600000|100%| S|CS|TS  0|AC  0|TAMS 0x00000006c9500000, 0x00000006c9500000|
| 130|0x00000006c9600000, 0x00000006c9700000, 0x00000006c9700000|100%| S|CS|TS  0|AC  0|TAMS 0x00000006c9600000, 0x00000006c9600000|
| 131|0x00000006c9700000, 0x00000006c9800000, 0x00000006c9800000|100%| S|CS|TS  0|AC  0|TAMS 0x00000006c9700000, 0x00000006c9700000|
| 132|0x00000006c9800000, 0x00000006c9800000, 0x00000006c9900000|  0%| F|  |TS  0|AC  0|TAMS 0x00000006c9800000, 0x00000006c9800000|
| 133|0x00000006c9900000, 0x00000006c9900000, 0x00000006c9a00000|  0%| F|  |TS  0|AC  0|TAMS 0x00000006c9900000, 0x00000006c9900000|
| 134|0x00000006c9a00000, 0x00000006c9a00000, 0x00000006c9b00000|  0%| F|  |TS  0|AC  0|TAMS 0x00000006c9a00000, 0x00000006c9a00000|
| 135|0x00000006c9b00000, 0x00000006c9b00000, 0x00000006c9c00000|  0%| F|  |TS  0|AC  0|TAMS 0x00000006c9b00000, 0x00000006c9b00000|
| 136|0x00000006c9c00000, 0x00000006c9c00000, 0x00000006c9d00000|  0%| F|  |TS  0|AC  0|TAMS 0x00000006c9c00000, 0x00000006c9c00000|
| 137|0x00000006c9d00000, 0x00000006c9d00000, 0x00000006c9e00000|  0%| F|  |TS  0|AC  0|TAMS 0x00000006c9d00000, 0x00000006c9d00000|
| 138|0x00000006c9e00000, 0x00000006c9e00000, 0x00000006c9f00000|  0%| F|  |TS  0|AC  0|TAMS 0x00000006c9e00000, 0x00000006c9e00000|
| 139|0x00000006c9f00000, 0x00000006c9f00000, 0x00000006ca000000|  0%| F|  |TS  0|AC  0|TAMS 0x00000006c9f00000, 0x00000006c9f00000|
| 140|0x00000006ca000000, 0x00000006ca000000, 0x00000006ca100000|  0%| F|  |TS  0|AC  0|TAMS 0x00000006ca000000, 0x00000006ca000000|
| 141|0x00000006ca100000, 0x00000006ca100000, 0x00000006ca200000|  0%| F|  |TS  0|AC  0|TAMS 0x00000006ca100000, 0x00000006ca100000|
| 142|0x00000006ca200000, 0x00000006ca200000, 0x00000006ca300000|  0%| F|  |TS  0|AC  0|TAMS 0x00000006ca200000, 0x00000006ca200000|
| 143|0x00000006ca300000, 0x00000006ca300000, 0x00000006ca400000|  0%| F|  |TS  0|AC  0|TAMS 0x00000006ca300000, 0x00000006ca300000|
| 144|0x00000006ca400000, 0x00000006ca400000, 0x00000006ca500000|  0%| F|  |TS  0|AC  0|TAMS 0x00000006ca400000, 0x00000006ca400000|
| 145|0x00000006ca500000, 0x00000006ca500000, 0x00000006ca600000|  0%| F|  |TS  0|AC  0|TAMS 0x00000006ca500000, 0x00000006ca500000|
| 146|0x00000006ca600000, 0x00000006ca600000, 0x00000006ca700000|  0%| F|  |TS  0|AC  0|TAMS 0x00000006ca600000, 0x00000006ca600000|
| 147|0x00000006ca700000, 0x00000006ca700000, 0x00000006ca800000|  0%| F|  |TS  0|AC  0|TAMS 0x00000006ca700000, 0x00000006ca700000|
| 148|0x00000006ca800000, 0x00000006ca800000, 0x00000006ca900000|  0%| F|  |TS  0|AC  0|TAMS 0x00000006ca800000, 0x00000006ca800000|
| 149|0x00000006ca900000, 0x00000006ca900000, 0x00000006caa00000|  0%| F|  |TS  0|AC  0|TAMS 0x00000006ca900000, 0x00000006ca900000|
| 150|0x00000006caa00000, 0x00000006caa00000, 0x00000006cab00000|  0%| F|  |TS  0|AC  0|TAMS 0x00000006caa00000, 0x00000006caa00000|
| 151|0x00000006cab00000, 0x00000006cab00000, 0x00000006cac00000|  0%| F|  |TS  0|AC  0|TAMS 0x00000006cab00000, 0x00000006cab00000|
| 152|0x00000006cac00000, 0x00000006cac00800, 0x00000006cad00000|  0%| E|  |TS  0|AC  0|TAMS 0x00000006cac00000, 0x00000006cac00000|
| 153|0x00000006cad00000, 0x00000006cae00000, 0x00000006cae00000|100%| E|CS|TS  0|AC  0|TAMS 0x00000006cad00000, 0x00000006cad00000|
| 154|0x00000006cae00000, 0x00000006caf00000, 0x00000006caf00000|100%| E|CS|TS  0|AC  0|TAMS 0x00000006cae00000, 0x00000006cae00000|
| 155|0x00000006caf00000, 0x00000006cb000000, 0x00000006cb000000|100%| E|CS|TS  0|AC  0|TAMS 0x00000006caf00000, 0x00000006caf00000|
| 156|0x00000006cb000000, 0x00000006cb100000, 0x00000006cb100000|100%| E|CS|TS  0|AC  0|TAMS 0x00000006cb000000, 0x00000006cb000000|
| 157|0x00000006cb100000, 0x00000006cb200000, 0x00000006cb200000|100%| E|CS|TS  0|AC  0|TAMS 0x00000006cb100000, 0x00000006cb100000|
| 158|0x00000006cb200000, 0x00000006cb300000, 0x00000006cb300000|100%| E|CS|TS  0|AC  0|TAMS 0x00000006cb200000, 0x00000006cb200000|
| 159|0x00000006cb300000, 0x00000006cb400000, 0x00000006cb400000|100%| E|CS|TS  0|AC  0|TAMS 0x00000006cb300000, 0x00000006cb300000|
| 160|0x00000006cb400000, 0x00000006cb500000, 0x00000006cb500000|100%| E|CS|TS  0|AC  0|TAMS 0x00000006cb400000, 0x00000006cb400000|
| 161|0x00000006cb500000, 0x00000006cb600000, 0x00000006cb600000|100%| E|CS|TS  0|AC  0|TAMS 0x00000006cb500000, 0x00000006cb500000|
| 162|0x00000006cb600000, 0x00000006cb700000, 0x00000006cb700000|100%| E|CS|TS  0|AC  0|TAMS 0x00000006cb600000, 0x00000006cb600000|
| 163|0x00000006cb700000, 0x00000006cb800000, 0x00000006cb800000|100%| E|CS|TS  0|AC  0|TAMS 0x00000006cb700000, 0x00000006cb700000|
| 164|0x00000006cb800000, 0x00000006cb900000, 0x00000006cb900000|100%| E|CS|TS  0|AC  0|TAMS 0x00000006cb800000, 0x00000006cb800000|
| 165|0x00000006cb900000, 0x00000006cba00000, 0x00000006cba00000|100%| E|CS|TS  0|AC  0|TAMS 0x00000006cb900000, 0x00000006cb900000|
| 166|0x00000006cba00000, 0x00000006cbb00000, 0x00000006cbb00000|100%| E|CS|TS  0|AC  0|TAMS 0x00000006cba00000, 0x00000006cba00000|
| 167|0x00000006cbb00000, 0x00000006cbc00000, 0x00000006cbc00000|100%| E|CS|TS  0|AC  0|TAMS 0x00000006cbb00000, 0x00000006cbb00000|
| 168|0x00000006cbc00000, 0x00000006cbd00000, 0x00000006cbd00000|100%| E|CS|TS  0|AC  0|TAMS 0x00000006cbc00000, 0x00000006cbc00000|
| 169|0x00000006cbd00000, 0x00000006cbe00000, 0x00000006cbe00000|100%| E|CS|TS  0|AC  0|TAMS 0x00000006cbd00000, 0x00000006cbd00000|
| 170|0x00000006cbe00000, 0x00000006cbf00000, 0x00000006cbf00000|100%| E|CS|TS  0|AC  0|TAMS 0x00000006cbe00000, 0x00000006cbe00000|
| 171|0x00000006cbf00000, 0x00000006cc000000, 0x00000006cc000000|100%| E|CS|TS  0|AC  0|TAMS 0x00000006cbf00000, 0x00000006cbf00000|
| 172|0x00000006cc000000, 0x00000006cc100000, 0x00000006cc100000|100%| E|CS|TS  0|AC  0|TAMS 0x00000006cc000000, 0x00000006cc000000|
| 173|0x00000006cc100000, 0x00000006cc200000, 0x00000006cc200000|100%| E|CS|TS  0|AC  0|TAMS 0x00000006cc100000, 0x00000006cc100000|
| 174|0x00000006cc200000, 0x00000006cc300000, 0x00000006cc300000|100%| E|CS|TS  0|AC  0|TAMS 0x00000006cc200000, 0x00000006cc200000|
| 175|0x00000006cc300000, 0x00000006cc400000, 0x00000006cc400000|100%| E|CS|TS  0|AC  0|TAMS 0x00000006cc300000, 0x00000006cc300000|
| 176|0x00000006cc400000, 0x00000006cc500000, 0x00000006cc500000|100%| E|CS|TS  0|AC  0|TAMS 0x00000006cc400000, 0x00000006cc400000|
| 177|0x00000006cc500000, 0x00000006cc600000, 0x00000006cc600000|100%| E|CS|TS  0|AC  0|TAMS 0x00000006cc500000, 0x00000006cc500000|
| 178|0x00000006cc600000, 0x00000006cc700000, 0x00000006cc700000|100%| E|CS|TS  0|AC  0|TAMS 0x00000006cc600000, 0x00000006cc600000|
| 179|0x00000006cc700000, 0x00000006cc800000, 0x00000006cc800000|100%| E|CS|TS  0|AC  0|TAMS 0x00000006cc700000, 0x00000006cc700000|
| 180|0x00000006cc800000, 0x00000006cc900000, 0x00000006cc900000|100%| E|CS|TS  0|AC  0|TAMS 0x00000006cc800000, 0x00000006cc800000|
| 181|0x00000006cc900000, 0x00000006cca00000, 0x00000006cca00000|100%| E|CS|TS  0|AC  0|TAMS 0x00000006cc900000, 0x00000006cc900000|
| 182|0x00000006cca00000, 0x00000006ccb00000, 0x00000006ccb00000|100%| E|CS|TS  0|AC  0|TAMS 0x00000006cca00000, 0x00000006cca00000|
| 183|0x00000006ccb00000, 0x00000006ccc00000, 0x00000006ccc00000|100%| E|CS|TS  0|AC  0|TAMS 0x00000006ccb00000, 0x00000006ccb00000|
| 184|0x00000006ccc00000, 0x00000006ccd00000, 0x00000006ccd00000|100%| E|CS|TS  0|AC  0|TAMS 0x00000006ccc00000, 0x00000006ccc00000|
| 185|0x00000006ccd00000, 0x00000006cce00000, 0x00000006cce00000|100%| E|CS|TS  0|AC  0|TAMS 0x00000006ccd00000, 0x00000006ccd00000|
| 186|0x00000006cce00000, 0x00000006ccf00000, 0x00000006ccf00000|100%| E|CS|TS  0|AC  0|TAMS 0x00000006cce00000, 0x00000006cce00000|
| 187|0x00000006ccf00000, 0x00000006cd000000, 0x00000006cd000000|100%| E|CS|TS  0|AC  0|TAMS 0x00000006ccf00000, 0x00000006ccf00000|
| 188|0x00000006cd000000, 0x00000006cd100000, 0x00000006cd100000|100%| E|CS|TS  0|AC  0|TAMS 0x00000006cd000000, 0x00000006cd000000|
| 189|0x00000006cd100000, 0x00000006cd200000, 0x00000006cd200000|100%| E|CS|TS  0|AC  0|TAMS 0x00000006cd100000, 0x00000006cd100000|
| 190|0x00000006cd200000, 0x00000006cd300000, 0x00000006cd300000|100%| E|CS|TS  0|AC  0|TAMS 0x00000006cd200000, 0x00000006cd200000|
| 191|0x00000006cd300000, 0x00000006cd400000, 0x00000006cd400000|100%| E|CS|TS  0|AC  0|TAMS 0x00000006cd300000, 0x00000006cd300000|
| 192|0x00000006cd400000, 0x00000006cd500000, 0x00000006cd500000|100%| E|CS|TS  0|AC  0|TAMS 0x00000006cd400000, 0x00000006cd400000|
| 193|0x00000006cd500000, 0x00000006cd600000, 0x00000006cd600000|100%| E|CS|TS  0|AC  0|TAMS 0x00000006cd500000, 0x00000006cd500000|
| 194|0x00000006cd600000, 0x00000006cd700000, 0x00000006cd700000|100%| E|CS|TS  0|AC  0|TAMS 0x00000006cd600000, 0x00000006cd600000|
| 195|0x00000006cd700000, 0x00000006cd800000, 0x00000006cd800000|100%| E|CS|TS  0|AC  0|TAMS 0x00000006cd700000, 0x00000006cd700000|
| 196|0x00000006cd800000, 0x00000006cd900000, 0x00000006cd900000|100%| E|CS|TS  0|AC  0|TAMS 0x00000006cd800000, 0x00000006cd800000|
| 197|0x00000006cd900000, 0x00000006cda00000, 0x00000006cda00000|100%| E|CS|TS  0|AC  0|TAMS 0x00000006cd900000, 0x00000006cd900000|
| 198|0x00000006cda00000, 0x00000006cdb00000, 0x00000006cdb00000|100%| E|CS|TS  0|AC  0|TAMS 0x00000006cda00000, 0x00000006cda00000|
| 199|0x00000006cdb00000, 0x00000006cdc00000, 0x00000006cdc00000|100%| E|CS|TS  0|AC  0|TAMS 0x00000006cdb00000, 0x00000006cdb00000|
| 200|0x00000006cdc00000, 0x00000006cdd00000, 0x00000006cdd00000|100%| E|CS|TS  0|AC  0|TAMS 0x00000006cdc00000, 0x00000006cdc00000|
| 201|0x00000006cdd00000, 0x00000006cde00000, 0x00000006cde00000|100%| E|CS|TS  0|AC  0|TAMS 0x00000006cdd00000, 0x00000006cdd00000|
| 202|0x00000006cde00000, 0x00000006cdf00000, 0x00000006cdf00000|100%| E|CS|TS  0|AC  0|TAMS 0x00000006cde00000, 0x00000006cde00000|
| 203|0x00000006cdf00000, 0x00000006ce000000, 0x00000006ce000000|100%| E|CS|TS  0|AC  0|TAMS 0x00000006cdf00000, 0x00000006cdf00000|
| 204|0x00000006ce000000, 0x00000006ce100000, 0x00000006ce100000|100%| E|CS|TS  0|AC  0|TAMS 0x00000006ce000000, 0x00000006ce000000|
| 205|0x00000006ce100000, 0x00000006ce200000, 0x00000006ce200000|100%| E|CS|TS  0|AC  0|TAMS 0x00000006ce100000, 0x00000006ce100000|
| 206|0x00000006ce200000, 0x00000006ce300000, 0x00000006ce300000|100%| E|CS|TS  0|AC  0|TAMS 0x00000006ce200000, 0x00000006ce200000|
| 207|0x00000006ce300000, 0x00000006ce400000, 0x00000006ce400000|100%| E|CS|TS  0|AC  0|TAMS 0x00000006ce300000, 0x00000006ce300000|
| 208|0x00000006ce400000, 0x00000006ce500000, 0x00000006ce500000|100%| E|CS|TS  0|AC  0|TAMS 0x00000006ce400000, 0x00000006ce400000|
| 209|0x00000006ce500000, 0x00000006ce600000, 0x00000006ce600000|100%| E|CS|TS  0|AC  0|TAMS 0x00000006ce500000, 0x00000006ce500000|
| 210|0x00000006ce600000, 0x00000006ce700000, 0x00000006ce700000|100%| E|CS|TS  0|AC  0|TAMS 0x00000006ce600000, 0x00000006ce600000|
| 211|0x00000006ce700000, 0x00000006ce800000, 0x00000006ce800000|100%| E|CS|TS  0|AC  0|TAMS 0x00000006ce700000, 0x00000006ce700000|
| 212|0x00000006ce800000, 0x00000006ce900000, 0x00000006ce900000|100%| E|CS|TS  0|AC  0|TAMS 0x00000006ce800000, 0x00000006ce800000|
| 213|0x00000006ce900000, 0x00000006cea00000, 0x00000006cea00000|100%| E|CS|TS  0|AC  0|TAMS 0x00000006ce900000, 0x00000006ce900000|
| 214|0x00000006cea00000, 0x00000006ceb00000, 0x00000006ceb00000|100%| E|CS|TS  0|AC  0|TAMS 0x00000006cea00000, 0x00000006cea00000|
| 215|0x00000006ceb00000, 0x00000006cec00000, 0x00000006cec00000|100%| E|CS|TS  0|AC  0|TAMS 0x00000006ceb00000, 0x00000006ceb00000|
| 216|0x00000006cec00000, 0x00000006ced00000, 0x00000006ced00000|100%| E|CS|TS  0|AC  0|TAMS 0x00000006cec00000, 0x00000006cec00000|
| 217|0x00000006ced00000, 0x00000006cee00000, 0x00000006cee00000|100%| E|CS|TS  0|AC  0|TAMS 0x00000006ced00000, 0x00000006ced00000|
| 218|0x00000006cee00000, 0x00000006cef00000, 0x00000006cef00000|100%| E|CS|TS  0|AC  0|TAMS 0x00000006cee00000, 0x00000006cee00000|
| 219|0x00000006cef00000, 0x00000006cf000000, 0x00000006cf000000|100%| E|CS|TS  0|AC  0|TAMS 0x00000006cef00000, 0x00000006cef00000|
| 220|0x00000006cf000000, 0x00000006cf100000, 0x00000006cf100000|100%| E|CS|TS  0|AC  0|TAMS 0x00000006cf000000, 0x00000006cf000000|
| 221|0x00000006cf100000, 0x00000006cf200000, 0x00000006cf200000|100%| E|CS|TS  0|AC  0|TAMS 0x00000006cf100000, 0x00000006cf100000|
| 222|0x00000006cf200000, 0x00000006cf300000, 0x00000006cf300000|100%| E|CS|TS  0|AC  0|TAMS 0x00000006cf200000, 0x00000006cf200000|
| 223|0x00000006cf300000, 0x00000006cf400000, 0x00000006cf400000|100%| E|CS|TS  0|AC  0|TAMS 0x00000006cf300000, 0x00000006cf300000|
| 224|0x00000006cf400000, 0x00000006cf500000, 0x00000006cf500000|100%| E|CS|TS  0|AC  0|TAMS 0x00000006cf400000, 0x00000006cf400000|
| 225|0x00000006cf500000, 0x00000006cf600000, 0x00000006cf600000|100%| E|CS|TS  0|AC  0|TAMS 0x00000006cf500000, 0x00000006cf500000|
| 226|0x00000006cf600000, 0x00000006cf700000, 0x00000006cf700000|100%| E|CS|TS  0|AC  0|TAMS 0x00000006cf600000, 0x00000006cf600000|
| 227|0x00000006cf700000, 0x00000006cf800000, 0x00000006cf800000|100%| E|CS|TS  0|AC  0|TAMS 0x00000006cf700000, 0x00000006cf700000|
| 228|0x00000006cf800000, 0x00000006cf900000, 0x00000006cf900000|100%| E|CS|TS  0|AC  0|TAMS 0x00000006cf800000, 0x00000006cf800000|
| 229|0x00000006cf900000, 0x00000006cfa00000, 0x00000006cfa00000|100%| E|CS|TS  0|AC  0|TAMS 0x00000006cf900000, 0x00000006cf900000|
| 230|0x00000006cfa00000, 0x00000006cfb00000, 0x00000006cfb00000|100%| E|CS|TS  0|AC  0|TAMS 0x00000006cfa00000, 0x00000006cfa00000|
| 231|0x00000006cfb00000, 0x00000006cfc00000, 0x00000006cfc00000|100%| E|CS|TS  0|AC  0|TAMS 0x00000006cfb00000, 0x00000006cfb00000|
| 232|0x00000006cfc00000, 0x00000006cfd00000, 0x00000006cfd00000|100%| E|CS|TS  0|AC  0|TAMS 0x00000006cfc00000, 0x00000006cfc00000|
| 233|0x00000006cfd00000, 0x00000006cfe00000, 0x00000006cfe00000|100%| E|CS|TS  0|AC  0|TAMS 0x00000006cfd00000, 0x00000006cfd00000|
| 234|0x00000006cfe00000, 0x00000006cff00000, 0x00000006cff00000|100%| E|CS|TS  0|AC  0|TAMS 0x00000006cfe00000, 0x00000006cfe00000|
| 235|0x00000006cff00000, 0x00000006d0000000, 0x00000006d0000000|100%| E|CS|TS  0|AC  0|TAMS 0x00000006cff00000, 0x00000006cff00000|
| 236|0x00000006d0000000, 0x00000006d0100000, 0x00000006d0100000|100%| E|CS|TS  0|AC  0|TAMS 0x00000006d0000000, 0x00000006d0000000|
| 237|0x00000006d0100000, 0x00000006d0200000, 0x00000006d0200000|100%| E|CS|TS  0|AC  0|TAMS 0x00000006d0100000, 0x00000006d0100000|
| 238|0x00000006d0200000, 0x00000006d0300000, 0x00000006d0300000|100%| E|CS|TS  0|AC  0|TAMS 0x00000006d0200000, 0x00000006d0200000|
| 239|0x00000006d0300000, 0x00000006d0400000, 0x00000006d0400000|100%| E|CS|TS  0|AC  0|TAMS 0x00000006d0300000, 0x00000006d0300000|
| 240|0x00000006d0400000, 0x00000006d0500000, 0x00000006d0500000|100%| E|CS|TS  0|AC  0|TAMS 0x00000006d0400000, 0x00000006d0400000|
| 241|0x00000006d0500000, 0x00000006d0600000, 0x00000006d0600000|100%| E|CS|TS  0|AC  0|TAMS 0x00000006d0500000, 0x00000006d0500000|
| 242|0x00000006d0600000, 0x00000006d0700000, 0x00000006d0700000|100%| E|CS|TS  0|AC  0|TAMS 0x00000006d0600000, 0x00000006d0600000|
| 243|0x00000006d0700000, 0x00000006d0800000, 0x00000006d0800000|100%| E|CS|TS  0|AC  0|TAMS 0x00000006d0700000, 0x00000006d0700000|
| 244|0x00000006d0800000, 0x00000006d0900000, 0x00000006d0900000|100%| E|CS|TS  0|AC  0|TAMS 0x00000006d0800000, 0x00000006d0800000|
| 245|0x00000006d0900000, 0x00000006d0a00000, 0x00000006d0a00000|100%| E|CS|TS  0|AC  0|TAMS 0x00000006d0900000, 0x00000006d0900000|
| 246|0x00000006d0a00000, 0x00000006d0b00000, 0x00000006d0b00000|100%| E|CS|TS  0|AC  0|TAMS 0x00000006d0a00000, 0x00000006d0a00000|
| 247|0x00000006d0b00000, 0x00000006d0c00000, 0x00000006d0c00000|100%| E|CS|TS  0|AC  0|TAMS 0x00000006d0b00000, 0x00000006d0b00000|
| 248|0x00000006d0c00000, 0x00000006d0d00000, 0x00000006d0d00000|100%| E|CS|TS  0|AC  0|TAMS 0x00000006d0c00000, 0x00000006d0c00000|
| 249|0x00000006d0d00000, 0x00000006d0e00000, 0x00000006d0e00000|100%| E|CS|TS  0|AC  0|TAMS 0x00000006d0d00000, 0x00000006d0d00000|
| 250|0x00000006d0e00000, 0x00000006d0f00000, 0x00000006d0f00000|100%| E|CS|TS  0|AC  0|TAMS 0x00000006d0e00000, 0x00000006d0e00000|
| 251|0x00000006d0f00000, 0x00000006d1000000, 0x00000006d1000000|100%| E|CS|TS  0|AC  0|TAMS 0x00000006d0f00000, 0x00000006d0f00000|
| 252|0x00000006d1000000, 0x00000006d1100000, 0x00000006d1100000|100%| E|CS|TS  0|AC  0|TAMS 0x00000006d1000000, 0x00000006d1000000|
| 253|0x00000006d1100000, 0x00000006d1200000, 0x00000006d1200000|100%| E|CS|TS  0|AC  0|TAMS 0x00000006d1100000, 0x00000006d1100000|
| 254|0x00000006d1200000, 0x00000006d1300000, 0x00000006d1300000|100%| E|CS|TS  0|AC  0|TAMS 0x00000006d1200000, 0x00000006d1200000|
| 255|0x00000006d1300000, 0x00000006d1400000, 0x00000006d1400000|100%| E|CS|TS  0|AC  0|TAMS 0x00000006d1300000, 0x00000006d1300000|

Card table byte_map: [0x0000016fed040000,0x0000016fed840000] byte_map_base: 0x0000016fe9a36000

Marking Bits (Prev, Next): (CMBitMap*) 0x0000016fd221c870, (CMBitMap*) 0x0000016fd221c8a8
 Prev Bits: [0x0000016fee040000, 0x0000016ff1ff0000)
 Next Bits: [0x0000016ff1ff0000, 0x0000016ff5fa0000)

Polling page: 0x0000016fcffb0000

CodeHeap 'non-profiled nmethods': size=120000Kb used=3376Kb max_used=3376Kb free=116624Kb
 bounds [0x0000016fe4fe0000, 0x0000016fe5330000, 0x0000016fec510000]
CodeHeap 'profiled nmethods': size=120000Kb used=9414Kb max_used=9414Kb free=110585Kb
 bounds [0x0000016fddab0000, 0x0000016fde3f0000, 0x0000016fe4fe0000]
CodeHeap 'non-nmethods': size=5760Kb used=1234Kb max_used=1317Kb free=4525Kb
 bounds [0x0000016fdd510000, 0x0000016fdd780000, 0x0000016fddab0000]
 total_blobs=5392 nmethods=3929 adapters=402
 compilation: enabled

Compilation events (10 events):
Event: 4.730 Thread 0x0000016ff9413000 3930       4       java.nio.MappedByteBuffer::position (8 bytes)
Event: 4.730 Thread 0x0000016ff9413000 nmethod 3930 0x0000016fe52f3210 code [0x0000016fe52f33a0, 0x0000016fe52f3478]
Event: 4.730 Thread 0x0000016ff9413000 3925       4       org.springframework.core.annotation.AnnotationUtils::getDeclaredAnnotations (39 bytes)
Event: 4.839 Thread 0x0000016ff9413000 nmethod 3925 0x0000016fe52f3590 code [0x0000016fe52f3a20, 0x0000016fe52f72a8]
Event: 4.839 Thread 0x0000016ff9413000 3926       4       java.util.concurrent.ConcurrentMap::computeIfAbsent (51 bytes)
Event: 4.941 Thread 0x0000016ff9413000 nmethod 3926 0x0000016fe52f9e10 code [0x0000016fe52fa2e0, 0x0000016fe52fea50]
Event: 5.026 Thread 0x0000016ff9471800 nmethod 3880 0x0000016fe5301910 code [0x0000016fe5301fe0, 0x0000016fe53129c0]
Event: 5.105 Thread 0x0000016ff9414000 nmethod 3901 0x0000016fe531a190 code [0x0000016fe531ad20, 0x0000016fe53257d8]
Event: 181.181 Thread 0x0000016ff9413000 3943       4       java.lang.Class::cast (27 bytes)
Event: 181.185 Thread 0x0000016ff9413000 nmethod 3943 0x0000016fe532bc90 code [0x0000016fe532be20, 0x0000016fe532bf18]

GC Heap History (8 events):
Event: 0.734 GC heap before
{Heap before GC invocations=0 (full 0):
 garbage-first heap   total 262144K, used 26624K [0x00000006c1400000, 0x00000007c0000000)
  region size 1024K, 24 young (24576K), 0 survivors (0K)
 Metaspace       used 11921K, capacity 12195K, committed 12544K, reserved 1060864K
  class space    used 1070K, capacity 1156K, committed 1280K, reserved 1048576K
}
Event: 0.738 GC heap after
{Heap after GC invocations=1 (full 0):
 garbage-first heap   total 262144K, used 7484K [0x00000006c1400000, 0x00000007c0000000)
  region size 1024K, 3 young (3072K), 3 survivors (3072K)
 Metaspace       used 11921K, capacity 12195K, committed 12544K, reserved 1060864K
  class space    used 1070K, capacity 1156K, committed 1280K, reserved 1048576K
}
Event: 1.704 GC heap before
{Heap before GC invocations=1 (full 0):
 garbage-first heap   total 262144K, used 68924K [0x00000006c1400000, 0x00000007c0000000)
  region size 1024K, 64 young (65536K), 3 survivors (3072K)
 Metaspace       used 20508K, capacity 20968K, committed 21296K, reserved 1069056K
  class space    used 2116K, capacity 2327K, committed 2432K, reserved 1048576K
}
Event: 1.710 GC heap after
{Heap after GC invocations=2 (full 0):
 garbage-first heap   total 262144K, used 9816K [0x00000006c1400000, 0x00000007c0000000)
  region size 1024K, 6 young (6144K), 6 survivors (6144K)
 Metaspace       used 20508K, capacity 20968K, committed 21296K, reserved 1069056K
  class space    used 2116K, capacity 2327K, committed 2432K, reserved 1048576K
}
Event: 2.518 GC heap before
{Heap before GC invocations=3 (full 0):
 garbage-first heap   total 262144K, used 85592K [0x00000006c1400000, 0x00000007c0000000)
  region size 1024K, 80 young (81920K), 6 survivors (6144K)
 Metaspace       used 26587K, capacity 27140K, committed 27520K, reserved 1073152K
  class space    used 2845K, capacity 3092K, committed 3200K, reserved 1048576K
}
Event: 2.525 GC heap after
{Heap after GC invocations=4 (full 0):
 garbage-first heap   total 262144K, used 11554K [0x00000006c1400000, 0x00000007c0000000)
  region size 1024K, 5 young (5120K), 5 survivors (5120K)
 Metaspace       used 26587K, capacity 27140K, committed 27520K, reserved 1073152K
  class space    used 2845K, capacity 3092K, committed 3200K, reserved 1048576K
}
Event: 3.680 GC heap before
{Heap before GC invocations=4 (full 0):
 garbage-first heap   total 262144K, used 132386K [0x00000006c1400000, 0x00000007c0000000)
  region size 1024K, 124 young (126976K), 5 survivors (5120K)
 Metaspace       used 35060K, capacity 35766K, committed 35920K, reserved 1081344K
  class space    used 4055K, capacity 4340K, committed 4352K, reserved 1048576K
}
Event: 3.688 GC heap after
{Heap after GC invocations=5 (full 0):
 garbage-first heap   total 262144K, used 14060K [0x00000006c1400000, 0x00000007c0000000)
  region size 1024K, 7 young (7168K), 7 survivors (7168K)
 Metaspace       used 35060K, capacity 35766K, committed 35920K, reserved 1081344K
  class space    used 4055K, capacity 4340K, committed 4352K, reserved 1048576K
}

Deoptimization events (10 events):
Event: 3.659 Thread 0x0000016fd2197800 Uncommon trap: reason=unstable_if action=reinterpret pc=0x0000016fe5219b88 method=org.eclipse.jdt.launching.internal.org.objectweb.asm.ClassReader.accept(Lorg/eclipse/jdt/launching/internal/org/objectweb/asm/ClassVisitor;[Lorg/eclipse/jdt/launching/intern
Event: 3.901 Thread 0x0000016fd2197800 Uncommon trap: reason=class_check action=maybe_recompile pc=0x0000016fe5129130 method=java.util.HashMap.putVal(ILjava/lang/Object;Ljava/lang/Object;ZZ)Ljava/lang/Object; @ 203 c2
Event: 3.903 Thread 0x0000016fd2197800 Uncommon trap: reason=class_check action=maybe_recompile pc=0x0000016fe5129130 method=java.util.HashMap.putVal(ILjava/lang/Object;Ljava/lang/Object;ZZ)Ljava/lang/Object; @ 203 c2
Event: 3.906 Thread 0x0000016fd2197800 Uncommon trap: reason=bimorphic_or_optimized_type_check action=maybe_recompile pc=0x0000016fe5170a80 method=java.util.HashMap.putVal(ILjava/lang/Object;Ljava/lang/Object;ZZ)Ljava/lang/Object; @ 203 c2
Event: 3.910 Thread 0x0000016fd2197800 Uncommon trap: reason=intrinsic_or_type_checked_inlining action=make_not_entrant pc=0x0000016fe525e048 method=java.util.Arrays.copyOf([Ljava/lang/Object;ILjava/lang/Class;)[Ljava/lang/Object; @ 35 c2
Event: 4.192 Thread 0x0000016fd2197800 Uncommon trap: reason=unstable_if action=reinterpret pc=0x0000016fe523377c method=java.lang.PublicMethods$MethodList.filter([Ljava/lang/reflect/Method;Ljava/lang/String;[Ljava/lang/Class;Z)Ljava/lang/PublicMethods$MethodList; @ 58 c2
Event: 4.201 Thread 0x0000016fd2197800 Uncommon trap: reason=bimorphic_or_optimized_type_check action=maybe_recompile pc=0x0000016fe51c4c8c method=java.util.concurrent.ConcurrentHashMap.putVal(Ljava/lang/Object;Ljava/lang/Object;Z)Ljava/lang/Object; @ 242 c2
Event: 4.240 Thread 0x0000016fd2197800 Uncommon trap: reason=bimorphic_or_optimized_type_check action=maybe_recompile pc=0x0000016fe5170a80 method=java.util.HashMap.putVal(ILjava/lang/Object;Ljava/lang/Object;ZZ)Ljava/lang/Object; @ 203 c2
Event: 4.412 Thread 0x0000016fd2197800 Uncommon trap: reason=unstable_if action=reinterpret pc=0x0000016fe51b063c method=java.util.LinkedHashMap.get(Ljava/lang/Object;)Ljava/lang/Object; @ 20 c2
Event: 79.695 Thread 0x0000016ff99ff000 Uncommon trap: reason=unstable_if action=reinterpret pc=0x0000016fe52b6070 method=sun.instrument.InstrumentationImpl.transform(Ljava/lang/Module;Ljava/lang/ClassLoader;Ljava/lang/String;Ljava/lang/Class;Ljava/security/ProtectionDomain;[BZ)[B @ 24 c2

Classes redefined (4 events):
Event: 79.721 Thread 0x0000016ff9401800 redefined class name=org.springframework.samples.petclinic.web.DonationControllerTests, count=1
Event: 99.138 Thread 0x0000016ff9401800 redefined class name=org.springframework.samples.petclinic.web.DonationControllerTests, count=2
Event: 147.700 Thread 0x0000016ff9401800 redefined class name=org.springframework.samples.petclinic.web.DonationControllerTests, count=3
Event: 235.800 Thread 0x0000016ff9401800 redefined class name=org.springframework.samples.petclinic.web.DonationControllerTests, count=4

Internal exceptions (10 events):
Event: 4.358 Thread 0x0000016fd2197800 Exception <a 'java/lang/ClassNotFoundException'{0x00000006cbe13f60}: org/springframework/web/servlet/mvc/AbstractControllerCustomizer> (0x00000006cbe13f60) thrown at [t:/workspace/open/src/hotspot/share/classfile/systemDictionary.cpp, line 233]
Event: 4.359 Thread 0x0000016fd2197800 Exception <a 'java/lang/ClassNotFoundException'{0x00000006cbe2c750}: org/springframework/web/servlet/mvc/ParameterizableViewControllerCustomizer> (0x00000006cbe2c750) thrown at [t:/workspace/open/src/hotspot/share/classfile/systemDictionary.cpp, line 233]
Event: 4.360 Thread 0x0000016fd2197800 Exception <a 'java/lang/ClassNotFoundException'{0x00000006cbe4d578}: org/springframework/web/servlet/mvc/ControllerBeanInfo> (0x00000006cbe4d578) thrown at [t:/workspace/open/src/hotspot/share/classfile/systemDictionary.cpp, line 233]
Event: 4.361 Thread 0x0000016fd2197800 Exception <a 'java/lang/ClassNotFoundException'{0x00000006cbe5e540}: org/springframework/web/servlet/mvc/ControllerCustomizer> (0x00000006cbe5e540) thrown at [t:/workspace/open/src/hotspot/share/classfile/systemDictionary.cpp, line 233]
Event: 4.364 Thread 0x0000016fd2197800 Exception <a 'java/lang/ClassNotFoundException'{0x00000006cbe8ef58}: org/springframework/web/servlet/handler/SimpleMappingExceptionResolverBeanInfo> (0x00000006cbe8ef58) thrown at [t:/workspace/open/src/hotspot/share/classfile/systemDictionary.cpp, line 2
Event: 4.365 Thread 0x0000016fd2197800 Exception <a 'java/lang/ClassNotFoundException'{0x00000006cbea2918}: org/springframework/web/servlet/handler/SimpleMappingExceptionResolverCustomizer> (0x00000006cbea2918) thrown at [t:/workspace/open/src/hotspot/share/classfile/systemDictionary.cpp, line
Event: 4.378 Thread 0x0000016fd2197800 Exception <a 'java/lang/NoSuchMethodError'{0x00000006cbd99bc0}: method resolution failed> (0x00000006cbd99bc0) thrown at [t:/workspace/open/src/hotspot/share/prims/methodHandles.cpp, line 1226]
Event: 4.380 Thread 0x0000016fd2197800 Exception <a 'java/lang/NoSuchMethodError'{0x00000006cbda2038}: method resolution failed> (0x00000006cbda2038) thrown at [t:/workspace/open/src/hotspot/share/prims/methodHandles.cpp, line 1226]
Event: 4.381 Thread 0x0000016fd2197800 Exception <a 'java/lang/NoSuchMethodError'{0x00000006cbda62d0}: method resolution failed> (0x00000006cbda62d0) thrown at [t:/workspace/open/src/hotspot/share/prims/methodHandles.cpp, line 1226]
Event: 4.443 Thread 0x0000016fd2197800 Exception <a 'java/lang/NoSuchMethodError'{0x00000006cb6ce428}: java.lang.invoke.DirectMethodHandle$Holder.invokeInterface(Ljava/lang/Object;Ljava/lang/Object;Ljava/lang/Object;)Ljava/lang/Object;> (0x00000006cb6ce428) thrown at [t:/workspace/open/src/hot

Events (10 events):
Event: 235.808 Executing VM operation: GetFrameLocation done
Event: 235.988 Executing VM operation: GetFrameCount
Event: 235.988 Executing VM operation: GetFrameCount done
Event: 235.988 Executing VM operation: GetOwnedMonitorInfo
Event: 235.988 Executing VM operation: GetOwnedMonitorInfo done
Event: 235.989 Executing VM operation: GetCurrentContendedMonitor
Event: 235.989 Executing VM operation: GetCurrentContendedMonitor done
Event: 241.125 Executing VM operation: GetFrameLocation
Event: 241.125 Executing VM operation: GetFrameLocation done
Event: 241.125 Executing VM operation: GetOrSetLocal


Dynamic libraries:
0x00007ff7a80e0000 - 0x00007ff7a811e000 	C:\Program Files\Java\jdk-10.0.1\bin\javaw.exe
0x00007ffcbd540000 - 0x00007ffcbd721000 	C:\WINDOWS\SYSTEM32\ntdll.dll
0x00007ffcbb1d0000 - 0x00007ffcbb282000 	C:\WINDOWS\System32\KERNEL32.DLL
0x00007ffcba350000 - 0x00007ffcba5c3000 	C:\WINDOWS\System32\KERNELBASE.dll
0x00007ffcbc770000 - 0x00007ffcbc811000 	C:\WINDOWS\System32\ADVAPI32.dll
0x00007ffcbc6d0000 - 0x00007ffcbc76e000 	C:\WINDOWS\System32\msvcrt.dll
0x00007ffcbc9a0000 - 0x00007ffcbc9fb000 	C:\WINDOWS\System32\sechost.dll
0x00007ffcbb0a0000 - 0x00007ffcbb1c4000 	C:\WINDOWS\System32\RPCRT4.dll
0x00007ffcbd350000 - 0x00007ffcbd4e0000 	C:\WINDOWS\System32\USER32.dll
0x00007ffcb9ff0000 - 0x00007ffcba010000 	C:\WINDOWS\System32\win32u.dll
0x00007ffcbcee0000 - 0x00007ffcbcf08000 	C:\WINDOWS\System32\GDI32.dll
0x00007ffcba0b0000 - 0x00007ffcba242000 	C:\WINDOWS\System32\gdi32full.dll
0x00007ffcba010000 - 0x00007ffcba0af000 	C:\WINDOWS\System32\msvcp_win.dll
0x00007ffcba250000 - 0x00007ffcba348000 	C:\WINDOWS\System32\ucrtbase.dll
0x00007ffcada90000 - 0x00007ffcadcf9000 	C:\WINDOWS\WinSxS\amd64_microsoft.windows.common-controls_6595b64144ccf1df_6.0.17134.648_none_fb45a0e93062a6d2\COMCTL32.dll
0x00007ffcbcfc0000 - 0x00007ffcbd2e2000 	C:\WINDOWS\System32\combase.dll
0x00007ffcba920000 - 0x00007ffcba99a000 	C:\WINDOWS\System32\bcryptPrimitives.dll
0x00007ffcb2450000 - 0x00007ffcb245a000 	C:\WINDOWS\SYSTEM32\VERSION.dll
0x00007ffcbace0000 - 0x00007ffcbad0d000 	C:\WINDOWS\System32\IMM32.DLL
0x00007ffca3960000 - 0x00007ffca3a4f000 	C:\Program Files\Java\jdk-10.0.1\bin\msvcr120.dll
0x00007ffca8fd0000 - 0x00007ffca9076000 	C:\Program Files\Java\jdk-10.0.1\bin\msvcp120.dll
0x0000000075920000 - 0x0000000076390000 	C:\Program Files\Java\jdk-10.0.1\bin\server\jvm.dll
0x00007ffcbad10000 - 0x00007ffcbad18000 	C:\WINDOWS\System32\PSAPI.DLL
0x00007ffc9bac0000 - 0x00007ffc9bac9000 	C:\WINDOWS\SYSTEM32\WSOCK32.dll
0x00007ffcb7490000 - 0x00007ffcb74b3000 	C:\WINDOWS\SYSTEM32\WINMM.dll
0x00007ffcbaee0000 - 0x00007ffcbaf4c000 	C:\WINDOWS\System32\WS2_32.dll
0x00007ffcb72c0000 - 0x00007ffcb72ea000 	C:\WINDOWS\SYSTEM32\winmmbase.dll
0x00007ffcba870000 - 0x00007ffcba8b9000 	C:\WINDOWS\System32\cfgmgr32.dll
0x00007ffcb01f0000 - 0x00007ffcb01ff000 	C:\Program Files\Java\jdk-10.0.1\bin\verify.dll
0x00007ffc9e9c0000 - 0x00007ffc9eb89000 	C:\WINDOWS\SYSTEM32\DBGHELP.DLL
0x00007ffc9afe0000 - 0x00007ffc9b009000 	C:\WINDOWS\SYSTEM32\dbgcore.DLL
0x00007ffca9df0000 - 0x00007ffca9e17000 	C:\Program Files\Java\jdk-10.0.1\bin\java.dll
0x00007ffca9db0000 - 0x00007ffca9de6000 	C:\Program Files\Java\jdk-10.0.1\bin\jdwp.dll
0x00007ffca8fa0000 - 0x00007ffca8fca000 	C:\Program Files\Java\jdk-10.0.1\bin\instrument.dll
0x00007ffca9d50000 - 0x00007ffca9d66000 	C:\Program Files\Java\jdk-10.0.1\bin\zip.dll
0x00007ffcb01a0000 - 0x00007ffcb01aa000 	C:\Program Files\Java\jdk-10.0.1\bin\jimage.dll
0x00007ffcbb290000 - 0x00007ffcbc6d0000 	C:\WINDOWS\System32\SHELL32.dll
0x00007ffcbcf10000 - 0x00007ffcbcfb9000 	C:\WINDOWS\System32\shcore.dll
0x00007ffcb98e0000 - 0x00007ffcb9fed000 	C:\WINDOWS\System32\windows.storage.dll
0x00007ffcbd2f0000 - 0x00007ffcbd341000 	C:\WINDOWS\System32\shlwapi.dll
0x00007ffcb9850000 - 0x00007ffcb9861000 	C:\WINDOWS\System32\kernel.appcore.dll
0x00007ffcb9820000 - 0x00007ffcb983f000 	C:\WINDOWS\System32\profapi.dll
0x00007ffcb9870000 - 0x00007ffcb98bc000 	C:\WINDOWS\System32\powrprof.dll
0x00007ffcb9840000 - 0x00007ffcb984a000 	C:\WINDOWS\System32\FLTLIB.DLL
0x00007ffcb0120000 - 0x00007ffcb012a000 	C:\Program Files\Java\jdk-10.0.1\bin\dt_socket.dll
0x00007ffcb90a0000 - 0x00007ffcb9106000 	C:\WINDOWS\System32\mswsock.dll
0x00007ffcb8e60000 - 0x00007ffcb8f1e000 	C:\WINDOWS\SYSTEM32\DNSAPI.dll
0x00007ffcbab30000 - 0x00007ffcbab38000 	C:\WINDOWS\System32\NSI.dll
0x00007ffcb8e20000 - 0x00007ffcb8e58000 	C:\WINDOWS\SYSTEM32\IPHLPAPI.DLL
0x00007ffcaf810000 - 0x00007ffcaf882000 	C:\WINDOWS\System32\fwpuclnt.dll
0x00007ffcb9380000 - 0x00007ffcb93a5000 	C:\WINDOWS\SYSTEM32\bcrypt.dll
0x00007ffcb2160000 - 0x00007ffcb216a000 	C:\Windows\System32\rasadhlp.dll
0x00007ffca5140000 - 0x00007ffca515a000 	C:\Program Files\Java\jdk-10.0.1\bin\net.dll
0x00007ffcb4850000 - 0x00007ffcb492d000 	C:\WINDOWS\SYSTEM32\WINHTTP.dll
0x00007ffca4e60000 - 0x00007ffca4e71000 	C:\Program Files\Java\jdk-10.0.1\bin\nio.dll

dbghelp: loaded successfully - version: 4.0.5 - missing functions: none
symbol engine: initialized successfully - sym options: 0x614 - pdb path: .;C:\Program Files\Java\jdk-10.0.1\bin;C:\WINDOWS\SYSTEM32;C:\WINDOWS\WinSxS\amd64_microsoft.windows.common-controls_6595b64144ccf1df_6.0.17134.648_none_fb45a0e93062a6d2;C:\Program Files\Java\jdk-10.0.1\bin\server

VM Arguments:
jvm_args: -agentlib:jdwp=transport=dt_socket,suspend=y,address=localhost:53518 -ea -javaagent:C:\eclipse\configuration\org.eclipse.osgi\418\0\.cp\lib\javaagent-shaded.jar -Dfile.encoding=UTF-8 
java_command: org.eclipse.jdt.internal.junit.runner.RemoteTestRunner -version 3 -port 53517 -testLoaderClass org.eclipse.jdt.internal.junit5.runner.JUnit5TestLoader -loaderpluginname org.eclipse.jdt.junit5.runtime -classNames org.springframework.samples.petclinic.web.DonationControllerTests
java_class_path (initial): C:\Users\ruben\eclipse-workspace-jee\PSG2-1819-G2-23\target\test-classes;C:\Users\ruben\eclipse-workspace-jee\PSG2-1819-G2-23\target\classes;C:\apache-tomcat-9.0.16\lib\annotations-api.jar;C:\apache-tomcat-9.0.16\lib\catalina-ant.jar;C:\apache-tomcat-9.0.16\lib\catalina-ha.jar;C:\apache-tomcat-9.0.16\lib\catalina-storeconfig.jar;C:\apache-tomcat-9.0.16\lib\catalina-tribes.jar;C:\apache-tomcat-9.0.16\lib\catalina.jar;C:\apache-tomcat-9.0.16\lib\ecj-4.9.jar;C:\apache-tomcat-9.0.16\lib\el-api.jar;C:\apache-tomcat-9.0.16\lib\jasper-el.jar;C:\apache-tomcat-9.0.16\lib\jasper.jar;C:\apache-tomcat-9.0.16\lib\jaspic-api.jar;C:\apache-tomcat-9.0.16\lib\jsp-api.jar;C:\apache-tomcat-9.0.16\lib\servlet-api.jar;C:\apache-tomcat-9.0.16\lib\tomcat-api.jar;C:\apache-tomcat-9.0.16\lib\tomcat-coyote.jar;C:\apache-tomcat-9.0.16\lib\tomcat-dbcp.jar;C:\apache-tomcat-9.0.16\lib\tomcat-i18n-cs.jar;C:\apache-tomcat-9.0.16\lib\tomcat-i18n-de.jar;C:\apache-tomcat-9.0.16\lib\tomcat-i18n-es.jar;C:\apache-tomcat-9.0.16\lib\tomcat-i18n-fr.jar;C:\apache-tomcat-9.0.16\lib\tomcat-i18n-ja.jar;C:\apache-tomcat-9.0.16\lib\tomcat-i18n-ko.jar;C:\apache-tomcat-9.0.16\lib\tomcat-i18n-pt-BR.jar;C:\apache-tomcat-9.0.16\lib\tomcat-i18n-ru.jar;C:\apache-tomcat-9.0.16\lib\tomcat-i18n-zh-CN.jar;C:\apache-tomcat-9.0.16\lib\tomcat-jdbc.jar;C:\apache-tomcat-9.0.16\lib\tomcat-jni.jar;C:\apache-tomcat-9.0.16\lib\tomcat-util-scan.jar;C:\apache-tomcat-9.0.16\lib\tomcat-util.jar;C:\apache-tomcat-9.0.16\lib\tomcat-websocket.jar;C:\apache-tomcat-9.0.16\lib\websocket-api.jar;C:\Users\ruben\.m2\repository\org\apache\tomcat\tomcat-servlet-api\9.0.12\tomcat-servlet-api-9.0.12.jar;C:\Users\ruben\.m2\repository\org\apache\tomcat\tomcat-jasper-el\9.0.12\tomcat-jasper-el-9.0.12.jar;C:\Users\ruben\.m2\repository\org\apache\tomcat\tomcat-el-api\9.0.12\tomcat-el-api-9.0.12.jar;C:\Users\ruben\.m2\repository\javax\servlet\jsp\jstl\javax.servlet.jsp.jstl-api\1.2.2\javax.servlet.jsp.jstl-api-1.2.2.jar;C:\Use
Launcher Type: SUN_STANDARD

Logging:
Log output configuration:
#0: stdout all=warning uptime,level,tags
#1: stderr all=off uptime,level,tags

Environment Variables:
CLASSPATH=C:\Program Files\Java\jdk1.7.0_80\jre
PATH=C:\Program Files (x86)\Common Files\Oracle\Java\javapath;C:\Program Files (x86)\Intel\iCLS Client\;C:\Program Files\Intel\iCLS Client\;C:\Windows\system32;C:\Windows;C:\Windows\System32\Wbem;C:\Windows\System32\WindowsPowerShell\v1.0\;C:\Program Files (x86)\NVIDIA Corporation\PhysX\Common;C:\Program Files (x86)\Intel\Intel(R) Management Engine Components\DAL;C:\Program Files\Intel\Intel(R) Management Engine Components\DAL;C:\Program Files (x86)\Intel\Intel(R) Management Engine Components\IPT;C:\Program Files\Intel\Intel(R) Management Engine Components\IPT;C:\Program Files\Intel\WiFi\bin\;C:\Program Files\Common Files\Intel\WirelessCommon\;C:\WINDOWS\system32;C:\WINDOWS;C:\WINDOWS\System32\Wbem;C:\WINDOWS\System32\WindowsPowerShell\v1.0\;C:\WINDOWS\System32\OpenSSH\;C:\Users\ruben\AppData\Local\Microsoft\WindowsApps;C:\Users\ruben\AppData\Local\GitHubDesktop\bin;C:\Users\ruben\AppData\Local\atom\bin;
USERNAME=ruben
OS=Windows_NT
PROCESSOR_IDENTIFIER=Intel64 Family 6 Model 158 Stepping 9, GenuineIntel



---------------  S Y S T E M  ---------------

OS: Windows 10 , 64 bit Build 17134 (10.0.17134.648)

CPU:total 8 (initial active 8) (4 cores per cpu, 2 threads per core) family 6 model 158 stepping 9, cmov, cx8, fxsr, mmx, sse, sse2, sse3, ssse3, sse4.1, sse4.2, popcnt, avx, avx2, aes, clmul, erms, 3dnowpref, lzcnt, ht, tsc, tscinvbit, bmi1, bmi2, adx, fma

Memory: 4k page, physical 16695032k(9394640k free), swap 19185400k(9123888k free)

vm_info: Java HotSpot(TM) 64-Bit Server VM (10.0.1+10) for windows-amd64 JRE (10.0.1+10), built on Mar 27 2018 02:27:48 by "mach5one" with MS VC++ 12.0 (VS2013)

END.
